==261== Memcheck, a memory error detector
==261== Copyright (C) 2002-2017, and GNU GPL'd, by Julian Seward et al.
==261== Using Valgrind-3.15.0 and LibVEX; rerun with -h for copyright info
==261== Command: ./bst-test
==261== Parent PID: 8
==261== 
==261== Invalid read of size 8
==261==    at 0x10BE58: int getSubtreeHeight<char, int>(Node<char, int>*, int) (print_bst.h:62)
==261==    by 0x10BEB7: int getSubtreeHeight<char, int>(Node<char, int>*, int) (print_bst.h:63)
==261==    by 0x10BE83: int getSubtreeHeight<char, int>(Node<char, int>*, int) (print_bst.h:62)
==261==    by 0x10BEB7: int getSubtreeHeight<char, int>(Node<char, int>*, int) (print_bst.h:63)
==261==    by 0x10A8EB: BinarySearchTree<char, int>::printRoot(Node<char, int>*) const (print_bst.h:114)
==261==    by 0x109E87: BinarySearchTree<char, int>::print() const (bst.h:412)
==261==    by 0x109AB3: main (bst-test.cpp:45)
==261==  Address 0x4c9eeb0 is 0 bytes inside a block of size 40 free'd
==261==    at 0x484B420: operator delete(void*) (in /usr/lib/aarch64-linux-gnu/valgrind/vgpreload_memcheck-arm64-linux.so)
==261==    by 0x10B61B: Node<char, int>::~Node() (bst.h:73)
==261==    by 0x10A447: BinarySearchTree<char, int>::remove(char const&) (bst.h:560)
==261==    by 0x109AAB: main (bst-test.cpp:44)
==261==  Block was alloc'd at
==261==    at 0x484A3C4: operator new(unsigned long) (in /usr/lib/aarch64-linux-gnu/valgrind/vgpreload_memcheck-arm64-linux.so)
==261==    by 0x10A64F: BinarySearchTree<char, int>::insertHelper(Node<char, int>*, std::pair<char const, int> const&) (bst.h:506)
==261==    by 0x10A73F: BinarySearchTree<char, int>::insertHelper(Node<char, int>*, std::pair<char const, int> const&) (bst.h:522)
==261==    by 0x109E4B: BinarySearchTree<char, int>::insert(std::pair<char const, int> const&) (bst.h:481)
==261==    by 0x1097FB: main (bst-test.cpp:20)
==261== 
==261== Invalid read of size 8
==261==    at 0x10B48C: Node<char, int>::getLeft() const (bst.h:135)
==261==    by 0x10BE6B: int getSubtreeHeight<char, int>(Node<char, int>*, int) (print_bst.h:62)
==261==    by 0x10BEB7: int getSubtreeHeight<char, int>(Node<char, int>*, int) (print_bst.h:63)
==261==    by 0x10BE83: int getSubtreeHeight<char, int>(Node<char, int>*, int) (print_bst.h:62)
==261==    by 0x10BEB7: int getSubtreeHeight<char, int>(Node<char, int>*, int) (print_bst.h:63)
==261==    by 0x10A8EB: BinarySearchTree<char, int>::printRoot(Node<char, int>*) const (print_bst.h:114)
==261==    by 0x109E87: BinarySearchTree<char, int>::print() const (bst.h:412)
==261==    by 0x109AB3: main (bst-test.cpp:45)
==261==  Address 0x4c9eec8 is 24 bytes inside a block of size 40 free'd
==261==    at 0x484B420: operator delete(void*) (in /usr/lib/aarch64-linux-gnu/valgrind/vgpreload_memcheck-arm64-linux.so)
==261==    by 0x10B61B: Node<char, int>::~Node() (bst.h:73)
==261==    by 0x10A447: BinarySearchTree<char, int>::remove(char const&) (bst.h:560)
==261==    by 0x109AAB: main (bst-test.cpp:44)
==261==  Block was alloc'd at
==261==    at 0x484A3C4: operator new(unsigned long) (in /usr/lib/aarch64-linux-gnu/valgrind/vgpreload_memcheck-arm64-linux.so)
==261==    by 0x10A64F: BinarySearchTree<char, int>::insertHelper(Node<char, int>*, std::pair<char const, int> const&) (bst.h:506)
==261==    by 0x10A73F: BinarySearchTree<char, int>::insertHelper(Node<char, int>*, std::pair<char const, int> const&) (bst.h:522)
==261==    by 0x109E4B: BinarySearchTree<char, int>::insert(std::pair<char const, int> const&) (bst.h:481)
==261==    by 0x1097FB: main (bst-test.cpp:20)
==261== 
==261== Invalid read of size 8
==261==    at 0x10BE8C: int getSubtreeHeight<char, int>(Node<char, int>*, int) (print_bst.h:63)
==261==    by 0x10BEB7: int getSubtreeHeight<char, int>(Node<char, int>*, int) (print_bst.h:63)
==261==    by 0x10BE83: int getSubtreeHeight<char, int>(Node<char, int>*, int) (print_bst.h:62)
==261==    by 0x10BEB7: int getSubtreeHeight<char, int>(Node<char, int>*, int) (print_bst.h:63)
==261==    by 0x10A8EB: BinarySearchTree<char, int>::printRoot(Node<char, int>*) const (print_bst.h:114)
==261==    by 0x109E87: BinarySearchTree<char, int>::print() const (bst.h:412)
==261==    by 0x109AB3: main (bst-test.cpp:45)
==261==  Address 0x4c9eeb0 is 0 bytes inside a block of size 40 free'd
==261==    at 0x484B420: operator delete(void*) (in /usr/lib/aarch64-linux-gnu/valgrind/vgpreload_memcheck-arm64-linux.so)
==261==    by 0x10B61B: Node<char, int>::~Node() (bst.h:73)
==261==    by 0x10A447: BinarySearchTree<char, int>::remove(char const&) (bst.h:560)
==261==    by 0x109AAB: main (bst-test.cpp:44)
==261==  Block was alloc'd at
==261==    at 0x484A3C4: operator new(unsigned long) (in /usr/lib/aarch64-linux-gnu/valgrind/vgpreload_memcheck-arm64-linux.so)
==261==    by 0x10A64F: BinarySearchTree<char, int>::insertHelper(Node<char, int>*, std::pair<char const, int> const&) (bst.h:506)
==261==    by 0x10A73F: BinarySearchTree<char, int>::insertHelper(Node<char, int>*, std::pair<char const, int> const&) (bst.h:522)
==261==    by 0x109E4B: BinarySearchTree<char, int>::insert(std::pair<char const, int> const&) (bst.h:481)
==261==    by 0x1097FB: main (bst-test.cpp:20)
==261== 
==261== Invalid read of size 8
==261==    at 0x10B474: Node<char, int>::getRight() const (bst.h:144)
==261==    by 0x10BE9F: int getSubtreeHeight<char, int>(Node<char, int>*, int) (print_bst.h:63)
==261==    by 0x10BEB7: int getSubtreeHeight<char, int>(Node<char, int>*, int) (print_bst.h:63)
==261==    by 0x10BE83: int getSubtreeHeight<char, int>(Node<char, int>*, int) (print_bst.h:62)
==261==    by 0x10BEB7: int getSubtreeHeight<char, int>(Node<char, int>*, int) (print_bst.h:63)
==261==    by 0x10A8EB: BinarySearchTree<char, int>::printRoot(Node<char, int>*) const (print_bst.h:114)
==261==    by 0x109E87: BinarySearchTree<char, int>::print() const (bst.h:412)
==261==    by 0x109AB3: main (bst-test.cpp:45)
==261==  Address 0x4c9eed0 is 32 bytes inside a block of size 40 free'd
==261==    at 0x484B420: operator delete(void*) (in /usr/lib/aarch64-linux-gnu/valgrind/vgpreload_memcheck-arm64-linux.so)
==261==    by 0x10B61B: Node<char, int>::~Node() (bst.h:73)
==261==    by 0x10A447: BinarySearchTree<char, int>::remove(char const&) (bst.h:560)
==261==    by 0x109AAB: main (bst-test.cpp:44)
==261==  Block was alloc'd at
==261==    at 0x484A3C4: operator new(unsigned long) (in /usr/lib/aarch64-linux-gnu/valgrind/vgpreload_memcheck-arm64-linux.so)
==261==    by 0x10A64F: BinarySearchTree<char, int>::insertHelper(Node<char, int>*, std::pair<char const, int> const&) (bst.h:506)
==261==    by 0x10A73F: BinarySearchTree<char, int>::insertHelper(Node<char, int>*, std::pair<char const, int> const&) (bst.h:522)
==261==    by 0x109E4B: BinarySearchTree<char, int>::insert(std::pair<char const, int> const&) (bst.h:481)
==261==    by 0x1097FB: main (bst-test.cpp:20)
==261== 
==261== Invalid read of size 8
==261==    at 0x10A040: BinarySearchTree<char, int>::iterator::operator++() (bst.h:349)
==261==    by 0x10A9FB: BinarySearchTree<char, int>::printRoot(Node<char, int>*) const (print_bst.h:133)
==261==    by 0x109E87: BinarySearchTree<char, int>::print() const (bst.h:412)
==261==    by 0x109AB3: main (bst-test.cpp:45)
==261==  Address 0x4c9eeb0 is 0 bytes inside a block of size 40 free'd
==261==    at 0x484B420: operator delete(void*) (in /usr/lib/aarch64-linux-gnu/valgrind/vgpreload_memcheck-arm64-linux.so)
==261==    by 0x10B61B: Node<char, int>::~Node() (bst.h:73)
==261==    by 0x10A447: BinarySearchTree<char, int>::remove(char const&) (bst.h:560)
==261==    by 0x109AAB: main (bst-test.cpp:44)
==261==  Block was alloc'd at
==261==    at 0x484A3C4: operator new(unsigned long) (in /usr/lib/aarch64-linux-gnu/valgrind/vgpreload_memcheck-arm64-linux.so)
==261==    by 0x10A64F: BinarySearchTree<char, int>::insertHelper(Node<char, int>*, std::pair<char const, int> const&) (bst.h:506)
==261==    by 0x10A73F: BinarySearchTree<char, int>::insertHelper(Node<char, int>*, std::pair<char const, int> const&) (bst.h:522)
==261==    by 0x109E4B: BinarySearchTree<char, int>::insert(std::pair<char const, int> const&) (bst.h:481)
==261==    by 0x1097FB: main (bst-test.cpp:20)
==261== 
==261== Invalid read of size 8
==261==    at 0x10B48C: Node<char, int>::getLeft() const (bst.h:135)
==261==    by 0x10A053: BinarySearchTree<char, int>::iterator::operator++() (bst.h:349)
==261==    by 0x10A9FB: BinarySearchTree<char, int>::printRoot(Node<char, int>*) const (print_bst.h:133)
==261==    by 0x109E87: BinarySearchTree<char, int>::print() const (bst.h:412)
==261==    by 0x109AB3: main (bst-test.cpp:45)
==261==  Address 0x4c9eec8 is 24 bytes inside a block of size 40 free'd
==261==    at 0x484B420: operator delete(void*) (in /usr/lib/aarch64-linux-gnu/valgrind/vgpreload_memcheck-arm64-linux.so)
==261==    by 0x10B61B: Node<char, int>::~Node() (bst.h:73)
==261==    by 0x10A447: BinarySearchTree<char, int>::remove(char const&) (bst.h:560)
==261==    by 0x109AAB: main (bst-test.cpp:44)
==261==  Block was alloc'd at
==261==    at 0x484A3C4: operator new(unsigned long) (in /usr/lib/aarch64-linux-gnu/valgrind/vgpreload_memcheck-arm64-linux.so)
==261==    by 0x10A64F: BinarySearchTree<char, int>::insertHelper(Node<char, int>*, std::pair<char const, int> const&) (bst.h:506)
==261==    by 0x10A73F: BinarySearchTree<char, int>::insertHelper(Node<char, int>*, std::pair<char const, int> const&) (bst.h:522)
==261==    by 0x109E4B: BinarySearchTree<char, int>::insert(std::pair<char const, int> const&) (bst.h:481)
==261==    by 0x1097FB: main (bst-test.cpp:20)
==261== 
==261== Invalid read of size 8
==261==    at 0x10A078: BinarySearchTree<char, int>::iterator::operator++() (bst.h:351)
==261==    by 0x10A9FB: BinarySearchTree<char, int>::printRoot(Node<char, int>*) const (print_bst.h:133)
==261==    by 0x109E87: BinarySearchTree<char, int>::print() const (bst.h:412)
==261==    by 0x109AB3: main (bst-test.cpp:45)
==261==  Address 0x4c9eeb0 is 0 bytes inside a block of size 40 free'd
==261==    at 0x484B420: operator delete(void*) (in /usr/lib/aarch64-linux-gnu/valgrind/vgpreload_memcheck-arm64-linux.so)
==261==    by 0x10B61B: Node<char, int>::~Node() (bst.h:73)
==261==    by 0x10A447: BinarySearchTree<char, int>::remove(char const&) (bst.h:560)
==261==    by 0x109AAB: main (bst-test.cpp:44)
==261==  Block was alloc'd at
==261==    at 0x484A3C4: operator new(unsigned long) (in /usr/lib/aarch64-linux-gnu/valgrind/vgpreload_memcheck-arm64-linux.so)
==261==    by 0x10A64F: BinarySearchTree<char, int>::insertHelper(Node<char, int>*, std::pair<char const, int> const&) (bst.h:506)
==261==    by 0x10A73F: BinarySearchTree<char, int>::insertHelper(Node<char, int>*, std::pair<char const, int> const&) (bst.h:522)
==261==    by 0x109E4B: BinarySearchTree<char, int>::insert(std::pair<char const, int> const&) (bst.h:481)
==261==    by 0x1097FB: main (bst-test.cpp:20)
==261== 
==261== Invalid read of size 8
==261==    at 0x10B48C: Node<char, int>::getLeft() const (bst.h:135)
==261==    by 0x10A08B: BinarySearchTree<char, int>::iterator::operator++() (bst.h:351)
==261==    by 0x10A9FB: BinarySearchTree<char, int>::printRoot(Node<char, int>*) const (print_bst.h:133)
==261==    by 0x109E87: BinarySearchTree<char, int>::print() const (bst.h:412)
==261==    by 0x109AB3: main (bst-test.cpp:45)
==261==  Address 0x4c9eec8 is 24 bytes inside a block of size 40 free'd
==261==    at 0x484B420: operator delete(void*) (in /usr/lib/aarch64-linux-gnu/valgrind/vgpreload_memcheck-arm64-linux.so)
==261==    by 0x10B61B: Node<char, int>::~Node() (bst.h:73)
==261==    by 0x10A447: BinarySearchTree<char, int>::remove(char const&) (bst.h:560)
==261==    by 0x109AAB: main (bst-test.cpp:44)
==261==  Block was alloc'd at
==261==    at 0x484A3C4: operator new(unsigned long) (in /usr/lib/aarch64-linux-gnu/valgrind/vgpreload_memcheck-arm64-linux.so)
==261==    by 0x10A64F: BinarySearchTree<char, int>::insertHelper(Node<char, int>*, std::pair<char const, int> const&) (bst.h:506)
==261==    by 0x10A73F: BinarySearchTree<char, int>::insertHelper(Node<char, int>*, std::pair<char const, int> const&) (bst.h:522)
==261==    by 0x109E4B: BinarySearchTree<char, int>::insert(std::pair<char const, int> const&) (bst.h:481)
==261==    by 0x1097FB: main (bst-test.cpp:20)
==261== 
==261== Invalid read of size 8
==261==    at 0x10C004: int getNodeDepth<char, int>(BinarySearchTree<char, int> const&, Node<char, int>*, Node<char, int>*) (print_bst.h:33)
==261==    by 0x10A9A3: BinarySearchTree<char, int>::printRoot(Node<char, int>*) const (print_bst.h:136)
==261==    by 0x109E87: BinarySearchTree<char, int>::print() const (bst.h:412)
==261==    by 0x109AB3: main (bst-test.cpp:45)
==261==  Address 0x4c9eeb0 is 0 bytes inside a block of size 40 free'd
==261==    at 0x484B420: operator delete(void*) (in /usr/lib/aarch64-linux-gnu/valgrind/vgpreload_memcheck-arm64-linux.so)
==261==    by 0x10B61B: Node<char, int>::~Node() (bst.h:73)
==261==    by 0x10A447: BinarySearchTree<char, int>::remove(char const&) (bst.h:560)
==261==    by 0x109AAB: main (bst-test.cpp:44)
==261==  Block was alloc'd at
==261==    at 0x484A3C4: operator new(unsigned long) (in /usr/lib/aarch64-linux-gnu/valgrind/vgpreload_memcheck-arm64-linux.so)
==261==    by 0x10A64F: BinarySearchTree<char, int>::insertHelper(Node<char, int>*, std::pair<char const, int> const&) (bst.h:506)
==261==    by 0x10A73F: BinarySearchTree<char, int>::insertHelper(Node<char, int>*, std::pair<char const, int> const&) (bst.h:522)
==261==    by 0x109E4B: BinarySearchTree<char, int>::insert(std::pair<char const, int> const&) (bst.h:481)
==261==    by 0x1097FB: main (bst-test.cpp:20)
==261== 
==261== Invalid read of size 8
==261==    at 0x10B4A4: Node<char, int>::getParent() const (bst.h:126)
==261==    by 0x10C017: int getNodeDepth<char, int>(BinarySearchTree<char, int> const&, Node<char, int>*, Node<char, int>*) (print_bst.h:33)
==261==    by 0x10A9A3: BinarySearchTree<char, int>::printRoot(Node<char, int>*) const (print_bst.h:136)
==261==    by 0x109E87: BinarySearchTree<char, int>::print() const (bst.h:412)
==261==    by 0x109AB3: main (bst-test.cpp:45)
==261==  Address 0x4c9eec0 is 16 bytes inside a block of size 40 free'd
==261==    at 0x484B420: operator delete(void*) (in /usr/lib/aarch64-linux-gnu/valgrind/vgpreload_memcheck-arm64-linux.so)
==261==    by 0x10B61B: Node<char, int>::~Node() (bst.h:73)
==261==    by 0x10A447: BinarySearchTree<char, int>::remove(char const&) (bst.h:560)
==261==    by 0x109AAB: main (bst-test.cpp:44)
==261==  Block was alloc'd at
==261==    at 0x484A3C4: operator new(unsigned long) (in /usr/lib/aarch64-linux-gnu/valgrind/vgpreload_memcheck-arm64-linux.so)
==261==    by 0x10A64F: BinarySearchTree<char, int>::insertHelper(Node<char, int>*, std::pair<char const, int> const&) (bst.h:506)
==261==    by 0x10A73F: BinarySearchTree<char, int>::insertHelper(Node<char, int>*, std::pair<char const, int> const&) (bst.h:522)
==261==    by 0x109E4B: BinarySearchTree<char, int>::insert(std::pair<char const, int> const&) (bst.h:481)
==261==    by 0x1097FB: main (bst-test.cpp:20)
==261== 
==261== Invalid read of size 8
==261==    at 0x10A0DC: BinarySearchTree<char, int>::iterator::operator++() (bst.h:360)
==261==    by 0x10A9FB: BinarySearchTree<char, int>::printRoot(Node<char, int>*) const (print_bst.h:133)
==261==    by 0x109E87: BinarySearchTree<char, int>::print() const (bst.h:412)
==261==    by 0x109AB3: main (bst-test.cpp:45)
==261==  Address 0x4c9eeb0 is 0 bytes inside a block of size 40 free'd
==261==    at 0x484B420: operator delete(void*) (in /usr/lib/aarch64-linux-gnu/valgrind/vgpreload_memcheck-arm64-linux.so)
==261==    by 0x10B61B: Node<char, int>::~Node() (bst.h:73)
==261==    by 0x10A447: BinarySearchTree<char, int>::remove(char const&) (bst.h:560)
==261==    by 0x109AAB: main (bst-test.cpp:44)
==261==  Block was alloc'd at
==261==    at 0x484A3C4: operator new(unsigned long) (in /usr/lib/aarch64-linux-gnu/valgrind/vgpreload_memcheck-arm64-linux.so)
==261==    by 0x10A64F: BinarySearchTree<char, int>::insertHelper(Node<char, int>*, std::pair<char const, int> const&) (bst.h:506)
==261==    by 0x10A73F: BinarySearchTree<char, int>::insertHelper(Node<char, int>*, std::pair<char const, int> const&) (bst.h:522)
==261==    by 0x109E4B: BinarySearchTree<char, int>::insert(std::pair<char const, int> const&) (bst.h:481)
==261==    by 0x1097FB: main (bst-test.cpp:20)
==261== 
==261== Invalid read of size 8
==261==    at 0x10B474: Node<char, int>::getRight() const (bst.h:144)
==261==    by 0x10A0EF: BinarySearchTree<char, int>::iterator::operator++() (bst.h:360)
==261==    by 0x10A9FB: BinarySearchTree<char, int>::printRoot(Node<char, int>*) const (print_bst.h:133)
==261==    by 0x109E87: BinarySearchTree<char, int>::print() const (bst.h:412)
==261==    by 0x109AB3: main (bst-test.cpp:45)
==261==  Address 0x4c9eed0 is 32 bytes inside a block of size 40 free'd
==261==    at 0x484B420: operator delete(void*) (in /usr/lib/aarch64-linux-gnu/valgrind/vgpreload_memcheck-arm64-linux.so)
==261==    by 0x10B61B: Node<char, int>::~Node() (bst.h:73)
==261==    by 0x10A447: BinarySearchTree<char, int>::remove(char const&) (bst.h:560)
==261==    by 0x109AAB: main (bst-test.cpp:44)
==261==  Block was alloc'd at
==261==    at 0x484A3C4: operator new(unsigned long) (in /usr/lib/aarch64-linux-gnu/valgrind/vgpreload_memcheck-arm64-linux.so)
==261==    by 0x10A64F: BinarySearchTree<char, int>::insertHelper(Node<char, int>*, std::pair<char const, int> const&) (bst.h:506)
==261==    by 0x10A73F: BinarySearchTree<char, int>::insertHelper(Node<char, int>*, std::pair<char const, int> const&) (bst.h:522)
==261==    by 0x109E4B: BinarySearchTree<char, int>::insert(std::pair<char const, int> const&) (bst.h:481)
==261==    by 0x1097FB: main (bst-test.cpp:20)
==261== 
==261== Invalid read of size 1
==261==    at 0x10C97C: std::pair<char, unsigned char>::pair<unsigned char, true>(char const&, unsigned char&&) (stl_pair.h:326)
==261==    by 0x10C08B: std::pair<std::__decay_and_strip<char const&>::__type, std::__decay_and_strip<unsigned char>::__type> std::make_pair<char const&, unsigned char>(char const&, unsigned char&&) (stl_pair.h:529)
==261==    by 0x10A9E3: BinarySearchTree<char, int>::printRoot(Node<char, int>*) const (print_bst.h:140)
==261==    by 0x109E87: BinarySearchTree<char, int>::print() const (bst.h:412)
==261==    by 0x109AB3: main (bst-test.cpp:45)
==261==  Address 0x4c9eeb8 is 8 bytes inside a block of size 40 free'd
==261==    at 0x484B420: operator delete(void*) (in /usr/lib/aarch64-linux-gnu/valgrind/vgpreload_memcheck-arm64-linux.so)
==261==    by 0x10B61B: Node<char, int>::~Node() (bst.h:73)
==261==    by 0x10A447: BinarySearchTree<char, int>::remove(char const&) (bst.h:560)
==261==    by 0x109AAB: main (bst-test.cpp:44)
==261==  Block was alloc'd at
==261==    at 0x484A3C4: operator new(unsigned long) (in /usr/lib/aarch64-linux-gnu/valgrind/vgpreload_memcheck-arm64-linux.so)
==261==    by 0x10A64F: BinarySearchTree<char, int>::insertHelper(Node<char, int>*, std::pair<char const, int> const&) (bst.h:506)
==261==    by 0x10A73F: BinarySearchTree<char, int>::insertHelper(Node<char, int>*, std::pair<char const, int> const&) (bst.h:522)
==261==    by 0x109E4B: BinarySearchTree<char, int>::insert(std::pair<char const, int> const&) (bst.h:481)
==261==    by 0x1097FB: main (bst-test.cpp:20)
==261== 
==261== Invalid read of size 8
==261==    at 0x109FD8: BinarySearchTree<char, int>::iterator::operator++() (bst.h:347)
==261==    by 0x10A9FB: BinarySearchTree<char, int>::printRoot(Node<char, int>*) const (print_bst.h:133)
==261==    by 0x109E87: BinarySearchTree<char, int>::print() const (bst.h:412)
==261==    by 0x109AB3: main (bst-test.cpp:45)
==261==  Address 0x4c9eeb0 is 0 bytes inside a block of size 40 free'd
==261==    at 0x484B420: operator delete(void*) (in /usr/lib/aarch64-linux-gnu/valgrind/vgpreload_memcheck-arm64-linux.so)
==261==    by 0x10B61B: Node<char, int>::~Node() (bst.h:73)
==261==    by 0x10A447: BinarySearchTree<char, int>::remove(char const&) (bst.h:560)
==261==    by 0x109AAB: main (bst-test.cpp:44)
==261==  Block was alloc'd at
==261==    at 0x484A3C4: operator new(unsigned long) (in /usr/lib/aarch64-linux-gnu/valgrind/vgpreload_memcheck-arm64-linux.so)
==261==    by 0x10A64F: BinarySearchTree<char, int>::insertHelper(Node<char, int>*, std::pair<char const, int> const&) (bst.h:506)
==261==    by 0x10A73F: BinarySearchTree<char, int>::insertHelper(Node<char, int>*, std::pair<char const, int> const&) (bst.h:522)
==261==    by 0x109E4B: BinarySearchTree<char, int>::insert(std::pair<char const, int> const&) (bst.h:481)
==261==    by 0x1097FB: main (bst-test.cpp:20)
==261== 
==261== Invalid read of size 8
==261==    at 0x10B474: Node<char, int>::getRight() const (bst.h:144)
==261==    by 0x109FEB: BinarySearchTree<char, int>::iterator::operator++() (bst.h:347)
==261==    by 0x10A9FB: BinarySearchTree<char, int>::printRoot(Node<char, int>*) const (print_bst.h:133)
==261==    by 0x109E87: BinarySearchTree<char, int>::print() const (bst.h:412)
==261==    by 0x109AB3: main (bst-test.cpp:45)
==261==  Address 0x4c9eed0 is 32 bytes inside a block of size 40 free'd
==261==    at 0x484B420: operator delete(void*) (in /usr/lib/aarch64-linux-gnu/valgrind/vgpreload_memcheck-arm64-linux.so)
==261==    by 0x10B61B: Node<char, int>::~Node() (bst.h:73)
==261==    by 0x10A447: BinarySearchTree<char, int>::remove(char const&) (bst.h:560)
==261==    by 0x109AAB: main (bst-test.cpp:44)
==261==  Block was alloc'd at
==261==    at 0x484A3C4: operator new(unsigned long) (in /usr/lib/aarch64-linux-gnu/valgrind/vgpreload_memcheck-arm64-linux.so)
==261==    by 0x10A64F: BinarySearchTree<char, int>::insertHelper(Node<char, int>*, std::pair<char const, int> const&) (bst.h:506)
==261==    by 0x10A73F: BinarySearchTree<char, int>::insertHelper(Node<char, int>*, std::pair<char const, int> const&) (bst.h:522)
==261==    by 0x109E4B: BinarySearchTree<char, int>::insert(std::pair<char const, int> const&) (bst.h:481)
==261==    by 0x1097FB: main (bst-test.cpp:20)
==261== 
==261== Invalid read of size 8
==261==    at 0x10A0AC: BinarySearchTree<char, int>::iterator::operator++() (bst.h:358)
==261==    by 0x10A9FB: BinarySearchTree<char, int>::printRoot(Node<char, int>*) const (print_bst.h:133)
==261==    by 0x109E87: BinarySearchTree<char, int>::print() const (bst.h:412)
==261==    by 0x109AB3: main (bst-test.cpp:45)
==261==  Address 0x4c9eeb0 is 0 bytes inside a block of size 40 free'd
==261==    at 0x484B420: operator delete(void*) (in /usr/lib/aarch64-linux-gnu/valgrind/vgpreload_memcheck-arm64-linux.so)
==261==    by 0x10B61B: Node<char, int>::~Node() (bst.h:73)
==261==    by 0x10A447: BinarySearchTree<char, int>::remove(char const&) (bst.h:560)
==261==    by 0x109AAB: main (bst-test.cpp:44)
==261==  Block was alloc'd at
==261==    at 0x484A3C4: operator new(unsigned long) (in /usr/lib/aarch64-linux-gnu/valgrind/vgpreload_memcheck-arm64-linux.so)
==261==    by 0x10A64F: BinarySearchTree<char, int>::insertHelper(Node<char, int>*, std::pair<char const, int> const&) (bst.h:506)
==261==    by 0x10A73F: BinarySearchTree<char, int>::insertHelper(Node<char, int>*, std::pair<char const, int> const&) (bst.h:522)
==261==    by 0x109E4B: BinarySearchTree<char, int>::insert(std::pair<char const, int> const&) (bst.h:481)
==261==    by 0x1097FB: main (bst-test.cpp:20)
==261== 
==261== Invalid read of size 8
==261==    at 0x10B4A4: Node<char, int>::getParent() const (bst.h:126)
==261==    by 0x10A0BF: BinarySearchTree<char, int>::iterator::operator++() (bst.h:358)
==261==    by 0x10A9FB: BinarySearchTree<char, int>::printRoot(Node<char, int>*) const (print_bst.h:133)
==261==    by 0x109E87: BinarySearchTree<char, int>::print() const (bst.h:412)
==261==    by 0x109AB3: main (bst-test.cpp:45)
==261==  Address 0x4c9eec0 is 16 bytes inside a block of size 40 free'd
==261==    at 0x484B420: operator delete(void*) (in /usr/lib/aarch64-linux-gnu/valgrind/vgpreload_memcheck-arm64-linux.so)
==261==    by 0x10B61B: Node<char, int>::~Node() (bst.h:73)
==261==    by 0x10A447: BinarySearchTree<char, int>::remove(char const&) (bst.h:560)
==261==    by 0x109AAB: main (bst-test.cpp:44)
==261==  Block was alloc'd at
==261==    at 0x484A3C4: operator new(unsigned long) (in /usr/lib/aarch64-linux-gnu/valgrind/vgpreload_memcheck-arm64-linux.so)
==261==    by 0x10A64F: BinarySearchTree<char, int>::insertHelper(Node<char, int>*, std::pair<char const, int> const&) (bst.h:506)
==261==    by 0x10A73F: BinarySearchTree<char, int>::insertHelper(Node<char, int>*, std::pair<char const, int> const&) (bst.h:522)
==261==    by 0x109E4B: BinarySearchTree<char, int>::insert(std::pair<char const, int> const&) (bst.h:481)
==261==    by 0x1097FB: main (bst-test.cpp:20)
==261== 
==261== Invalid read of size 1
==261==    at 0x10CFF4: std::less<char>::operator()(char const&, char const&) const (stl_function.h:386)
==261==    by 0x10EA5F: std::_Rb_tree<char, std::pair<char const, unsigned char>, std::_Select1st<std::pair<char const, unsigned char> >, std::less<char>, std::allocator<std::pair<char const, unsigned char> > >::_M_lower_bound(std::_Rb_tree_node<std::pair<char const, unsigned char> >*, std::_Rb_tree_node_base*, char const&) (stl_tree.h:1934)
==261==    by 0x10DD3B: std::_Rb_tree<char, std::pair<char const, unsigned char>, std::_Select1st<std::pair<char const, unsigned char> >, std::less<char>, std::allocator<std::pair<char const, unsigned char> > >::lower_bound(char const&) (stl_tree.h:1287)
==261==    by 0x10CF57: std::map<char, unsigned char, std::less<char>, std::allocator<std::pair<char const, unsigned char> > >::lower_bound(char const&) (stl_map.h:1258)
==261==    by 0x10C2F3: std::map<char, unsigned char, std::less<char>, std::allocator<std::pair<char const, unsigned char> > >::operator[](char const&) (stl_map.h:495)
==261==    by 0x10AB13: BinarySearchTree<char, int>::printRoot(Node<char, int>*) const (print_bst.h:170)
==261==    by 0x109E87: BinarySearchTree<char, int>::print() const (bst.h:412)
==261==    by 0x109AB3: main (bst-test.cpp:45)
==261==  Address 0x4c9eeb8 is 8 bytes inside a block of size 40 free'd
==261==    at 0x484B420: operator delete(void*) (in /usr/lib/aarch64-linux-gnu/valgrind/vgpreload_memcheck-arm64-linux.so)
==261==    by 0x10B61B: Node<char, int>::~Node() (bst.h:73)
==261==    by 0x10A447: BinarySearchTree<char, int>::remove(char const&) (bst.h:560)
==261==    by 0x109AAB: main (bst-test.cpp:44)
==261==  Block was alloc'd at
==261==    at 0x484A3C4: operator new(unsigned long) (in /usr/lib/aarch64-linux-gnu/valgrind/vgpreload_memcheck-arm64-linux.so)
==261==    by 0x10A64F: BinarySearchTree<char, int>::insertHelper(Node<char, int>*, std::pair<char const, int> const&) (bst.h:506)
==261==    by 0x10A73F: BinarySearchTree<char, int>::insertHelper(Node<char, int>*, std::pair<char const, int> const&) (bst.h:522)
==261==    by 0x109E4B: BinarySearchTree<char, int>::insert(std::pair<char const, int> const&) (bst.h:481)
==261==    by 0x1097FB: main (bst-test.cpp:20)
==261== 
==261== Invalid read of size 1
==261==    at 0x10CFEC: std::less<char>::operator()(char const&, char const&) const (stl_function.h:386)
==261==    by 0x10C33F: std::map<char, unsigned char, std::less<char>, std::allocator<std::pair<char const, unsigned char> > >::operator[](char const&) (stl_map.h:497)
==261==    by 0x10AB13: BinarySearchTree<char, int>::printRoot(Node<char, int>*) const (print_bst.h:170)
==261==    by 0x109E87: BinarySearchTree<char, int>::print() const (bst.h:412)
==261==    by 0x109AB3: main (bst-test.cpp:45)
==261==  Address 0x4c9eeb8 is 8 bytes inside a block of size 40 free'd
==261==    at 0x484B420: operator delete(void*) (in /usr/lib/aarch64-linux-gnu/valgrind/vgpreload_memcheck-arm64-linux.so)
==261==    by 0x10B61B: Node<char, int>::~Node() (bst.h:73)
==261==    by 0x10A447: BinarySearchTree<char, int>::remove(char const&) (bst.h:560)
==261==    by 0x109AAB: main (bst-test.cpp:44)
==261==  Block was alloc'd at
==261==    at 0x484A3C4: operator new(unsigned long) (in /usr/lib/aarch64-linux-gnu/valgrind/vgpreload_memcheck-arm64-linux.so)
==261==    by 0x10A64F: BinarySearchTree<char, int>::insertHelper(Node<char, int>*, std::pair<char const, int> const&) (bst.h:506)
==261==    by 0x10A73F: BinarySearchTree<char, int>::insertHelper(Node<char, int>*, std::pair<char const, int> const&) (bst.h:522)
==261==    by 0x109E4B: BinarySearchTree<char, int>::insert(std::pair<char const, int> const&) (bst.h:481)
==261==    by 0x1097FB: main (bst-test.cpp:20)
==261== 
==261== Invalid read of size 8
==261==    at 0x10ACD0: BinarySearchTree<char, int>::printRoot(Node<char, int>*) const (print_bst.h:198)
==261==    by 0x109E87: BinarySearchTree<char, int>::print() const (bst.h:412)
==261==    by 0x109AB3: main (bst-test.cpp:45)
==261==  Address 0x4c9eeb0 is 0 bytes inside a block of size 40 free'd
==261==    at 0x484B420: operator delete(void*) (in /usr/lib/aarch64-linux-gnu/valgrind/vgpreload_memcheck-arm64-linux.so)
==261==    by 0x10B61B: Node<char, int>::~Node() (bst.h:73)
==261==    by 0x10A447: BinarySearchTree<char, int>::remove(char const&) (bst.h:560)
==261==    by 0x109AAB: main (bst-test.cpp:44)
==261==  Block was alloc'd at
==261==    at 0x484A3C4: operator new(unsigned long) (in /usr/lib/aarch64-linux-gnu/valgrind/vgpreload_memcheck-arm64-linux.so)
==261==    by 0x10A64F: BinarySearchTree<char, int>::insertHelper(Node<char, int>*, std::pair<char const, int> const&) (bst.h:506)
==261==    by 0x10A73F: BinarySearchTree<char, int>::insertHelper(Node<char, int>*, std::pair<char const, int> const&) (bst.h:522)
==261==    by 0x109E4B: BinarySearchTree<char, int>::insert(std::pair<char const, int> const&) (bst.h:481)
==261==    by 0x1097FB: main (bst-test.cpp:20)
==261== 
==261== Invalid read of size 8
==261==    at 0x10B48C: Node<char, int>::getLeft() const (bst.h:135)
==261==    by 0x10ACDF: BinarySearchTree<char, int>::printRoot(Node<char, int>*) const (print_bst.h:198)
==261==    by 0x109E87: BinarySearchTree<char, int>::print() const (bst.h:412)
==261==    by 0x109AB3: main (bst-test.cpp:45)
==261==  Address 0x4c9eec8 is 24 bytes inside a block of size 40 free'd
==261==    at 0x484B420: operator delete(void*) (in /usr/lib/aarch64-linux-gnu/valgrind/vgpreload_memcheck-arm64-linux.so)
==261==    by 0x10B61B: Node<char, int>::~Node() (bst.h:73)
==261==    by 0x10A447: BinarySearchTree<char, int>::remove(char const&) (bst.h:560)
==261==    by 0x109AAB: main (bst-test.cpp:44)
==261==  Block was alloc'd at
==261==    at 0x484A3C4: operator new(unsigned long) (in /usr/lib/aarch64-linux-gnu/valgrind/vgpreload_memcheck-arm64-linux.so)
==261==    by 0x10A64F: BinarySearchTree<char, int>::insertHelper(Node<char, int>*, std::pair<char const, int> const&) (bst.h:506)
==261==    by 0x10A73F: BinarySearchTree<char, int>::insertHelper(Node<char, int>*, std::pair<char const, int> const&) (bst.h:522)
==261==    by 0x109E4B: BinarySearchTree<char, int>::insert(std::pair<char const, int> const&) (bst.h:481)
==261==    by 0x1097FB: main (bst-test.cpp:20)
==261== 
==261== Invalid read of size 8
==261==    at 0x10ACFC: BinarySearchTree<char, int>::printRoot(Node<char, int>*) const (print_bst.h:199)
==261==    by 0x109E87: BinarySearchTree<char, int>::print() const (bst.h:412)
==261==    by 0x109AB3: main (bst-test.cpp:45)
==261==  Address 0x4c9eeb0 is 0 bytes inside a block of size 40 free'd
==261==    at 0x484B420: operator delete(void*) (in /usr/lib/aarch64-linux-gnu/valgrind/vgpreload_memcheck-arm64-linux.so)
==261==    by 0x10B61B: Node<char, int>::~Node() (bst.h:73)
==261==    by 0x10A447: BinarySearchTree<char, int>::remove(char const&) (bst.h:560)
==261==    by 0x109AAB: main (bst-test.cpp:44)
==261==  Block was alloc'd at
==261==    at 0x484A3C4: operator new(unsigned long) (in /usr/lib/aarch64-linux-gnu/valgrind/vgpreload_memcheck-arm64-linux.so)
==261==    by 0x10A64F: BinarySearchTree<char, int>::insertHelper(Node<char, int>*, std::pair<char const, int> const&) (bst.h:506)
==261==    by 0x10A73F: BinarySearchTree<char, int>::insertHelper(Node<char, int>*, std::pair<char const, int> const&) (bst.h:522)
==261==    by 0x109E4B: BinarySearchTree<char, int>::insert(std::pair<char const, int> const&) (bst.h:481)
==261==    by 0x1097FB: main (bst-test.cpp:20)
==261== 
==261== Invalid read of size 8
==261==    at 0x10B474: Node<char, int>::getRight() const (bst.h:144)
==261==    by 0x10AD0B: BinarySearchTree<char, int>::printRoot(Node<char, int>*) const (print_bst.h:199)
==261==    by 0x109E87: BinarySearchTree<char, int>::print() const (bst.h:412)
==261==    by 0x109AB3: main (bst-test.cpp:45)
==261==  Address 0x4c9eed0 is 32 bytes inside a block of size 40 free'd
==261==    at 0x484B420: operator delete(void*) (in /usr/lib/aarch64-linux-gnu/valgrind/vgpreload_memcheck-arm64-linux.so)
==261==    by 0x10B61B: Node<char, int>::~Node() (bst.h:73)
==261==    by 0x10A447: BinarySearchTree<char, int>::remove(char const&) (bst.h:560)
==261==    by 0x109AAB: main (bst-test.cpp:44)
==261==  Block was alloc'd at
==261==    at 0x484A3C4: operator new(unsigned long) (in /usr/lib/aarch64-linux-gnu/valgrind/vgpreload_memcheck-arm64-linux.so)
==261==    by 0x10A64F: BinarySearchTree<char, int>::insertHelper(Node<char, int>*, std::pair<char const, int> const&) (bst.h:506)
==261==    by 0x10A73F: BinarySearchTree<char, int>::insertHelper(Node<char, int>*, std::pair<char const, int> const&) (bst.h:522)
==261==    by 0x109E4B: BinarySearchTree<char, int>::insert(std::pair<char const, int> const&) (bst.h:481)
==261==    by 0x1097FB: main (bst-test.cpp:20)
==261== 
==261== Invalid read of size 8
==261==    at 0x10ADDC: BinarySearchTree<char, int>::printRoot(Node<char, int>*) const (print_bst.h:215)
==261==    by 0x109E87: BinarySearchTree<char, int>::print() const (bst.h:412)
==261==    by 0x109AB3: main (bst-test.cpp:45)
==261==  Address 0x4c9eeb0 is 0 bytes inside a block of size 40 free'd
==261==    at 0x484B420: operator delete(void*) (in /usr/lib/aarch64-linux-gnu/valgrind/vgpreload_memcheck-arm64-linux.so)
==261==    by 0x10B61B: Node<char, int>::~Node() (bst.h:73)
==261==    by 0x10A447: BinarySearchTree<char, int>::remove(char const&) (bst.h:560)
==261==    by 0x109AAB: main (bst-test.cpp:44)
==261==  Block was alloc'd at
==261==    at 0x484A3C4: operator new(unsigned long) (in /usr/lib/aarch64-linux-gnu/valgrind/vgpreload_memcheck-arm64-linux.so)
==261==    by 0x10A64F: BinarySearchTree<char, int>::insertHelper(Node<char, int>*, std::pair<char const, int> const&) (bst.h:506)
==261==    by 0x10A73F: BinarySearchTree<char, int>::insertHelper(Node<char, int>*, std::pair<char const, int> const&) (bst.h:522)
==261==    by 0x109E4B: BinarySearchTree<char, int>::insert(std::pair<char const, int> const&) (bst.h:481)
==261==    by 0x1097FB: main (bst-test.cpp:20)
==261== 
==261== Invalid read of size 8
==261==    at 0x10B48C: Node<char, int>::getLeft() const (bst.h:135)
==261==    by 0x10ADEF: BinarySearchTree<char, int>::printRoot(Node<char, int>*) const (print_bst.h:215)
==261==    by 0x109E87: BinarySearchTree<char, int>::print() const (bst.h:412)
==261==    by 0x109AB3: main (bst-test.cpp:45)
==261==  Address 0x4c9eec8 is 24 bytes inside a block of size 40 free'd
==261==    at 0x484B420: operator delete(void*) (in /usr/lib/aarch64-linux-gnu/valgrind/vgpreload_memcheck-arm64-linux.so)
==261==    by 0x10B61B: Node<char, int>::~Node() (bst.h:73)
==261==    by 0x10A447: BinarySearchTree<char, int>::remove(char const&) (bst.h:560)
==261==    by 0x109AAB: main (bst-test.cpp:44)
==261==  Block was alloc'd at
==261==    at 0x484A3C4: operator new(unsigned long) (in /usr/lib/aarch64-linux-gnu/valgrind/vgpreload_memcheck-arm64-linux.so)
==261==    by 0x10A64F: BinarySearchTree<char, int>::insertHelper(Node<char, int>*, std::pair<char const, int> const&) (bst.h:506)
==261==    by 0x10A73F: BinarySearchTree<char, int>::insertHelper(Node<char, int>*, std::pair<char const, int> const&) (bst.h:522)
==261==    by 0x109E4B: BinarySearchTree<char, int>::insert(std::pair<char const, int> const&) (bst.h:481)
==261==    by 0x1097FB: main (bst-test.cpp:20)
==261== 
==261== Invalid read of size 8
==261==    at 0x10AEE4: BinarySearchTree<char, int>::printRoot(Node<char, int>*) const (print_bst.h:232)
==261==    by 0x109E87: BinarySearchTree<char, int>::print() const (bst.h:412)
==261==    by 0x109AB3: main (bst-test.cpp:45)
==261==  Address 0x4c9eeb0 is 0 bytes inside a block of size 40 free'd
==261==    at 0x484B420: operator delete(void*) (in /usr/lib/aarch64-linux-gnu/valgrind/vgpreload_memcheck-arm64-linux.so)
==261==    by 0x10B61B: Node<char, int>::~Node() (bst.h:73)
==261==    by 0x10A447: BinarySearchTree<char, int>::remove(char const&) (bst.h:560)
==261==    by 0x109AAB: main (bst-test.cpp:44)
==261==  Block was alloc'd at
==261==    at 0x484A3C4: operator new(unsigned long) (in /usr/lib/aarch64-linux-gnu/valgrind/vgpreload_memcheck-arm64-linux.so)
==261==    by 0x10A64F: BinarySearchTree<char, int>::insertHelper(Node<char, int>*, std::pair<char const, int> const&) (bst.h:506)
==261==    by 0x10A73F: BinarySearchTree<char, int>::insertHelper(Node<char, int>*, std::pair<char const, int> const&) (bst.h:522)
==261==    by 0x109E4B: BinarySearchTree<char, int>::insert(std::pair<char const, int> const&) (bst.h:481)
==261==    by 0x1097FB: main (bst-test.cpp:20)
==261== 
==261== Invalid read of size 8
==261==    at 0x10B474: Node<char, int>::getRight() const (bst.h:144)
==261==    by 0x10AEF7: BinarySearchTree<char, int>::printRoot(Node<char, int>*) const (print_bst.h:232)
==261==    by 0x109E87: BinarySearchTree<char, int>::print() const (bst.h:412)
==261==    by 0x109AB3: main (bst-test.cpp:45)
==261==  Address 0x4c9eed0 is 32 bytes inside a block of size 40 free'd
==261==    at 0x484B420: operator delete(void*) (in /usr/lib/aarch64-linux-gnu/valgrind/vgpreload_memcheck-arm64-linux.so)
==261==    by 0x10B61B: Node<char, int>::~Node() (bst.h:73)
==261==    by 0x10A447: BinarySearchTree<char, int>::remove(char const&) (bst.h:560)
==261==    by 0x109AAB: main (bst-test.cpp:44)
==261==  Block was alloc'd at
==261==    at 0x484A3C4: operator new(unsigned long) (in /usr/lib/aarch64-linux-gnu/valgrind/vgpreload_memcheck-arm64-linux.so)
==261==    by 0x10A64F: BinarySearchTree<char, int>::insertHelper(Node<char, int>*, std::pair<char const, int> const&) (bst.h:506)
==261==    by 0x10A73F: BinarySearchTree<char, int>::insertHelper(Node<char, int>*, std::pair<char const, int> const&) (bst.h:522)
==261==    by 0x109E4B: BinarySearchTree<char, int>::insert(std::pair<char const, int> const&) (bst.h:481)
==261==    by 0x1097FB: main (bst-test.cpp:20)
==261== 
==261== Invalid read of size 8
==261==    at 0x10A040: BinarySearchTree<char, int>::iterator::operator++() (bst.h:349)
==261==    by 0x10B55B: BinarySearchTree<char, int>::internalFind(char const&) const (bst.h:671)
==261==    by 0x10A1A3: BinarySearchTree<char, int>::find(char const&) const (bst.h:446)
==261==    by 0x10B1E3: BinarySearchTree<char, int>::printRoot(Node<char, int>*) const (print_bst.h:276)
==261==    by 0x109E87: BinarySearchTree<char, int>::print() const (bst.h:412)
==261==    by 0x109AB3: main (bst-test.cpp:45)
==261==  Address 0x4c9eeb0 is 0 bytes inside a block of size 40 free'd
==261==    at 0x484B420: operator delete(void*) (in /usr/lib/aarch64-linux-gnu/valgrind/vgpreload_memcheck-arm64-linux.so)
==261==    by 0x10B61B: Node<char, int>::~Node() (bst.h:73)
==261==    by 0x10A447: BinarySearchTree<char, int>::remove(char const&) (bst.h:560)
==261==    by 0x109AAB: main (bst-test.cpp:44)
==261==  Block was alloc'd at
==261==    at 0x484A3C4: operator new(unsigned long) (in /usr/lib/aarch64-linux-gnu/valgrind/vgpreload_memcheck-arm64-linux.so)
==261==    by 0x10A64F: BinarySearchTree<char, int>::insertHelper(Node<char, int>*, std::pair<char const, int> const&) (bst.h:506)
==261==    by 0x10A73F: BinarySearchTree<char, int>::insertHelper(Node<char, int>*, std::pair<char const, int> const&) (bst.h:522)
==261==    by 0x109E4B: BinarySearchTree<char, int>::insert(std::pair<char const, int> const&) (bst.h:481)
==261==    by 0x1097FB: main (bst-test.cpp:20)
==261== 
==261== Invalid read of size 8
==261==    at 0x10B48C: Node<char, int>::getLeft() const (bst.h:135)
==261==    by 0x10A053: BinarySearchTree<char, int>::iterator::operator++() (bst.h:349)
==261==    by 0x10B55B: BinarySearchTree<char, int>::internalFind(char const&) const (bst.h:671)
==261==    by 0x10A1A3: BinarySearchTree<char, int>::find(char const&) const (bst.h:446)
==261==    by 0x10B1E3: BinarySearchTree<char, int>::printRoot(Node<char, int>*) const (print_bst.h:276)
==261==    by 0x109E87: BinarySearchTree<char, int>::print() const (bst.h:412)
==261==    by 0x109AB3: main (bst-test.cpp:45)
==261==  Address 0x4c9eec8 is 24 bytes inside a block of size 40 free'd
==261==    at 0x484B420: operator delete(void*) (in /usr/lib/aarch64-linux-gnu/valgrind/vgpreload_memcheck-arm64-linux.so)
==261==    by 0x10B61B: Node<char, int>::~Node() (bst.h:73)
==261==    by 0x10A447: BinarySearchTree<char, int>::remove(char const&) (bst.h:560)
==261==    by 0x109AAB: main (bst-test.cpp:44)
==261==  Block was alloc'd at
==261==    at 0x484A3C4: operator new(unsigned long) (in /usr/lib/aarch64-linux-gnu/valgrind/vgpreload_memcheck-arm64-linux.so)
==261==    by 0x10A64F: BinarySearchTree<char, int>::insertHelper(Node<char, int>*, std::pair<char const, int> const&) (bst.h:506)
==261==    by 0x10A73F: BinarySearchTree<char, int>::insertHelper(Node<char, int>*, std::pair<char const, int> const&) (bst.h:522)
==261==    by 0x109E4B: BinarySearchTree<char, int>::insert(std::pair<char const, int> const&) (bst.h:481)
==261==    by 0x1097FB: main (bst-test.cpp:20)
==261== 
==261== Invalid read of size 8
==261==    at 0x10A078: BinarySearchTree<char, int>::iterator::operator++() (bst.h:351)
==261==    by 0x10B55B: BinarySearchTree<char, int>::internalFind(char const&) const (bst.h:671)
==261==    by 0x10A1A3: BinarySearchTree<char, int>::find(char const&) const (bst.h:446)
==261==    by 0x10B1E3: BinarySearchTree<char, int>::printRoot(Node<char, int>*) const (print_bst.h:276)
==261==    by 0x109E87: BinarySearchTree<char, int>::print() const (bst.h:412)
==261==    by 0x109AB3: main (bst-test.cpp:45)
==261==  Address 0x4c9eeb0 is 0 bytes inside a block of size 40 free'd
==261==    at 0x484B420: operator delete(void*) (in /usr/lib/aarch64-linux-gnu/valgrind/vgpreload_memcheck-arm64-linux.so)
==261==    by 0x10B61B: Node<char, int>::~Node() (bst.h:73)
==261==    by 0x10A447: BinarySearchTree<char, int>::remove(char const&) (bst.h:560)
==261==    by 0x109AAB: main (bst-test.cpp:44)
==261==  Block was alloc'd at
==261==    at 0x484A3C4: operator new(unsigned long) (in /usr/lib/aarch64-linux-gnu/valgrind/vgpreload_memcheck-arm64-linux.so)
==261==    by 0x10A64F: BinarySearchTree<char, int>::insertHelper(Node<char, int>*, std::pair<char const, int> const&) (bst.h:506)
==261==    by 0x10A73F: BinarySearchTree<char, int>::insertHelper(Node<char, int>*, std::pair<char const, int> const&) (bst.h:522)
==261==    by 0x109E4B: BinarySearchTree<char, int>::insert(std::pair<char const, int> const&) (bst.h:481)
==261==    by 0x1097FB: main (bst-test.cpp:20)
==261== 
==261== Invalid read of size 8
==261==    at 0x10B48C: Node<char, int>::getLeft() const (bst.h:135)
==261==    by 0x10A08B: BinarySearchTree<char, int>::iterator::operator++() (bst.h:351)
==261==    by 0x10B55B: BinarySearchTree<char, int>::internalFind(char const&) const (bst.h:671)
==261==    by 0x10A1A3: BinarySearchTree<char, int>::find(char const&) const (bst.h:446)
==261==    by 0x10B1E3: BinarySearchTree<char, int>::printRoot(Node<char, int>*) const (print_bst.h:276)
==261==    by 0x109E87: BinarySearchTree<char, int>::print() const (bst.h:412)
==261==    by 0x109AB3: main (bst-test.cpp:45)
==261==  Address 0x4c9eec8 is 24 bytes inside a block of size 40 free'd
==261==    at 0x484B420: operator delete(void*) (in /usr/lib/aarch64-linux-gnu/valgrind/vgpreload_memcheck-arm64-linux.so)
==261==    by 0x10B61B: Node<char, int>::~Node() (bst.h:73)
==261==    by 0x10A447: BinarySearchTree<char, int>::remove(char const&) (bst.h:560)
==261==    by 0x109AAB: main (bst-test.cpp:44)
==261==  Block was alloc'd at
==261==    at 0x484A3C4: operator new(unsigned long) (in /usr/lib/aarch64-linux-gnu/valgrind/vgpreload_memcheck-arm64-linux.so)
==261==    by 0x10A64F: BinarySearchTree<char, int>::insertHelper(Node<char, int>*, std::pair<char const, int> const&) (bst.h:506)
==261==    by 0x10A73F: BinarySearchTree<char, int>::insertHelper(Node<char, int>*, std::pair<char const, int> const&) (bst.h:522)
==261==    by 0x109E4B: BinarySearchTree<char, int>::insert(std::pair<char const, int> const&) (bst.h:481)
==261==    by 0x1097FB: main (bst-test.cpp:20)
==261== 
==261== Invalid read of size 8
==261==    at 0x10A0DC: BinarySearchTree<char, int>::iterator::operator++() (bst.h:360)
==261==    by 0x10B55B: BinarySearchTree<char, int>::internalFind(char const&) const (bst.h:671)
==261==    by 0x10A1A3: BinarySearchTree<char, int>::find(char const&) const (bst.h:446)
==261==    by 0x10B1E3: BinarySearchTree<char, int>::printRoot(Node<char, int>*) const (print_bst.h:276)
==261==    by 0x109E87: BinarySearchTree<char, int>::print() const (bst.h:412)
==261==    by 0x109AB3: main (bst-test.cpp:45)
==261==  Address 0x4c9eeb0 is 0 bytes inside a block of size 40 free'd
==261==    at 0x484B420: operator delete(void*) (in /usr/lib/aarch64-linux-gnu/valgrind/vgpreload_memcheck-arm64-linux.so)
==261==    by 0x10B61B: Node<char, int>::~Node() (bst.h:73)
==261==    by 0x10A447: BinarySearchTree<char, int>::remove(char const&) (bst.h:560)
==261==    by 0x109AAB: main (bst-test.cpp:44)
==261==  Block was alloc'd at
==261==    at 0x484A3C4: operator new(unsigned long) (in /usr/lib/aarch64-linux-gnu/valgrind/vgpreload_memcheck-arm64-linux.so)
==261==    by 0x10A64F: BinarySearchTree<char, int>::insertHelper(Node<char, int>*, std::pair<char const, int> const&) (bst.h:506)
==261==    by 0x10A73F: BinarySearchTree<char, int>::insertHelper(Node<char, int>*, std::pair<char const, int> const&) (bst.h:522)
==261==    by 0x109E4B: BinarySearchTree<char, int>::insert(std::pair<char const, int> const&) (bst.h:481)
==261==    by 0x1097FB: main (bst-test.cpp:20)
==261== 
==261== Invalid read of size 8
==261==    at 0x10B474: Node<char, int>::getRight() const (bst.h:144)
==261==    by 0x10A0EF: BinarySearchTree<char, int>::iterator::operator++() (bst.h:360)
==261==    by 0x10B55B: BinarySearchTree<char, int>::internalFind(char const&) const (bst.h:671)
==261==    by 0x10A1A3: BinarySearchTree<char, int>::find(char const&) const (bst.h:446)
==261==    by 0x10B1E3: BinarySearchTree<char, int>::printRoot(Node<char, int>*) const (print_bst.h:276)
==261==    by 0x109E87: BinarySearchTree<char, int>::print() const (bst.h:412)
==261==    by 0x109AB3: main (bst-test.cpp:45)
==261==  Address 0x4c9eed0 is 32 bytes inside a block of size 40 free'd
==261==    at 0x484B420: operator delete(void*) (in /usr/lib/aarch64-linux-gnu/valgrind/vgpreload_memcheck-arm64-linux.so)
==261==    by 0x10B61B: Node<char, int>::~Node() (bst.h:73)
==261==    by 0x10A447: BinarySearchTree<char, int>::remove(char const&) (bst.h:560)
==261==    by 0x109AAB: main (bst-test.cpp:44)
==261==  Block was alloc'd at
==261==    at 0x484A3C4: operator new(unsigned long) (in /usr/lib/aarch64-linux-gnu/valgrind/vgpreload_memcheck-arm64-linux.so)
==261==    by 0x10A64F: BinarySearchTree<char, int>::insertHelper(Node<char, int>*, std::pair<char const, int> const&) (bst.h:506)
==261==    by 0x10A73F: BinarySearchTree<char, int>::insertHelper(Node<char, int>*, std::pair<char const, int> const&) (bst.h:522)
==261==    by 0x109E4B: BinarySearchTree<char, int>::insert(std::pair<char const, int> const&) (bst.h:481)
==261==    by 0x1097FB: main (bst-test.cpp:20)
==261== 
==261== Invalid read of size 1
==261==    at 0x10B52C: BinarySearchTree<char, int>::internalFind(char const&) const (bst.h:672)
==261==    by 0x10A1A3: BinarySearchTree<char, int>::find(char const&) const (bst.h:446)
==261==    by 0x10B1E3: BinarySearchTree<char, int>::printRoot(Node<char, int>*) const (print_bst.h:276)
==261==    by 0x109E87: BinarySearchTree<char, int>::print() const (bst.h:412)
==261==    by 0x109AB3: main (bst-test.cpp:45)
==261==  Address 0x4c9eeb8 is 8 bytes inside a block of size 40 free'd
==261==    at 0x484B420: operator delete(void*) (in /usr/lib/aarch64-linux-gnu/valgrind/vgpreload_memcheck-arm64-linux.so)
==261==    by 0x10B61B: Node<char, int>::~Node() (bst.h:73)
==261==    by 0x10A447: BinarySearchTree<char, int>::remove(char const&) (bst.h:560)
==261==    by 0x109AAB: main (bst-test.cpp:44)
==261==  Block was alloc'd at
==261==    at 0x484A3C4: operator new(unsigned long) (in /usr/lib/aarch64-linux-gnu/valgrind/vgpreload_memcheck-arm64-linux.so)
==261==    by 0x10A64F: BinarySearchTree<char, int>::insertHelper(Node<char, int>*, std::pair<char const, int> const&) (bst.h:506)
==261==    by 0x10A73F: BinarySearchTree<char, int>::insertHelper(Node<char, int>*, std::pair<char const, int> const&) (bst.h:522)
==261==    by 0x109E4B: BinarySearchTree<char, int>::insert(std::pair<char const, int> const&) (bst.h:481)
==261==    by 0x1097FB: main (bst-test.cpp:20)
==261== 
==261== Invalid read of size 4
==261==    at 0x10B22C: BinarySearchTree<char, int>::printRoot(Node<char, int>*) const (print_bst.h:283)
==261==    by 0x109E87: BinarySearchTree<char, int>::print() const (bst.h:412)
==261==    by 0x109AB3: main (bst-test.cpp:45)
==261==  Address 0x4c9eebc is 12 bytes inside a block of size 40 free'd
==261==    at 0x484B420: operator delete(void*) (in /usr/lib/aarch64-linux-gnu/valgrind/vgpreload_memcheck-arm64-linux.so)
==261==    by 0x10B61B: Node<char, int>::~Node() (bst.h:73)
==261==    by 0x10A447: BinarySearchTree<char, int>::remove(char const&) (bst.h:560)
==261==    by 0x109AAB: main (bst-test.cpp:44)
==261==  Block was alloc'd at
==261==    at 0x484A3C4: operator new(unsigned long) (in /usr/lib/aarch64-linux-gnu/valgrind/vgpreload_memcheck-arm64-linux.so)
==261==    by 0x10A64F: BinarySearchTree<char, int>::insertHelper(Node<char, int>*, std::pair<char const, int> const&) (bst.h:506)
==261==    by 0x10A73F: BinarySearchTree<char, int>::insertHelper(Node<char, int>*, std::pair<char const, int> const&) (bst.h:522)
==261==    by 0x109E4B: BinarySearchTree<char, int>::insert(std::pair<char const, int> const&) (bst.h:481)
==261==    by 0x1097FB: main (bst-test.cpp:20)
==261== 
==261== Invalid read of size 8
==261==    at 0x109FD8: BinarySearchTree<char, int>::iterator::operator++() (bst.h:347)
==261==    by 0x10B55B: BinarySearchTree<char, int>::internalFind(char const&) const (bst.h:671)
==261==    by 0x10A1A3: BinarySearchTree<char, int>::find(char const&) const (bst.h:446)
==261==    by 0x10B1E3: BinarySearchTree<char, int>::printRoot(Node<char, int>*) const (print_bst.h:276)
==261==    by 0x109E87: BinarySearchTree<char, int>::print() const (bst.h:412)
==261==    by 0x109AB3: main (bst-test.cpp:45)
==261==  Address 0x4c9eeb0 is 0 bytes inside a block of size 40 free'd
==261==    at 0x484B420: operator delete(void*) (in /usr/lib/aarch64-linux-gnu/valgrind/vgpreload_memcheck-arm64-linux.so)
==261==    by 0x10B61B: Node<char, int>::~Node() (bst.h:73)
==261==    by 0x10A447: BinarySearchTree<char, int>::remove(char const&) (bst.h:560)
==261==    by 0x109AAB: main (bst-test.cpp:44)
==261==  Block was alloc'd at
==261==    at 0x484A3C4: operator new(unsigned long) (in /usr/lib/aarch64-linux-gnu/valgrind/vgpreload_memcheck-arm64-linux.so)
==261==    by 0x10A64F: BinarySearchTree<char, int>::insertHelper(Node<char, int>*, std::pair<char const, int> const&) (bst.h:506)
==261==    by 0x10A73F: BinarySearchTree<char, int>::insertHelper(Node<char, int>*, std::pair<char const, int> const&) (bst.h:522)
==261==    by 0x109E4B: BinarySearchTree<char, int>::insert(std::pair<char const, int> const&) (bst.h:481)
==261==    by 0x1097FB: main (bst-test.cpp:20)
==261== 
==261== Invalid read of size 8
==261==    at 0x10B474: Node<char, int>::getRight() const (bst.h:144)
==261==    by 0x109FEB: BinarySearchTree<char, int>::iterator::operator++() (bst.h:347)
==261==    by 0x10B55B: BinarySearchTree<char, int>::internalFind(char const&) const (bst.h:671)
==261==    by 0x10A1A3: BinarySearchTree<char, int>::find(char const&) const (bst.h:446)
==261==    by 0x10B1E3: BinarySearchTree<char, int>::printRoot(Node<char, int>*) const (print_bst.h:276)
==261==    by 0x109E87: BinarySearchTree<char, int>::print() const (bst.h:412)
==261==    by 0x109AB3: main (bst-test.cpp:45)
==261==  Address 0x4c9eed0 is 32 bytes inside a block of size 40 free'd
==261==    at 0x484B420: operator delete(void*) (in /usr/lib/aarch64-linux-gnu/valgrind/vgpreload_memcheck-arm64-linux.so)
==261==    by 0x10B61B: Node<char, int>::~Node() (bst.h:73)
==261==    by 0x10A447: BinarySearchTree<char, int>::remove(char const&) (bst.h:560)
==261==    by 0x109AAB: main (bst-test.cpp:44)
==261==  Block was alloc'd at
==261==    at 0x484A3C4: operator new(unsigned long) (in /usr/lib/aarch64-linux-gnu/valgrind/vgpreload_memcheck-arm64-linux.so)
==261==    by 0x10A64F: BinarySearchTree<char, int>::insertHelper(Node<char, int>*, std::pair<char const, int> const&) (bst.h:506)
==261==    by 0x10A73F: BinarySearchTree<char, int>::insertHelper(Node<char, int>*, std::pair<char const, int> const&) (bst.h:522)
==261==    by 0x109E4B: BinarySearchTree<char, int>::insert(std::pair<char const, int> const&) (bst.h:481)
==261==    by 0x1097FB: main (bst-test.cpp:20)
==261== 
==261== Invalid read of size 8
==261==    at 0x10A0AC: BinarySearchTree<char, int>::iterator::operator++() (bst.h:358)
==261==    by 0x10B55B: BinarySearchTree<char, int>::internalFind(char const&) const (bst.h:671)
==261==    by 0x10A1A3: BinarySearchTree<char, int>::find(char const&) const (bst.h:446)
==261==    by 0x10B1E3: BinarySearchTree<char, int>::printRoot(Node<char, int>*) const (print_bst.h:276)
==261==    by 0x109E87: BinarySearchTree<char, int>::print() const (bst.h:412)
==261==    by 0x109AB3: main (bst-test.cpp:45)
==261==  Address 0x4c9eeb0 is 0 bytes inside a block of size 40 free'd
==261==    at 0x484B420: operator delete(void*) (in /usr/lib/aarch64-linux-gnu/valgrind/vgpreload_memcheck-arm64-linux.so)
==261==    by 0x10B61B: Node<char, int>::~Node() (bst.h:73)
==261==    by 0x10A447: BinarySearchTree<char, int>::remove(char const&) (bst.h:560)
==261==    by 0x109AAB: main (bst-test.cpp:44)
==261==  Block was alloc'd at
==261==    at 0x484A3C4: operator new(unsigned long) (in /usr/lib/aarch64-linux-gnu/valgrind/vgpreload_memcheck-arm64-linux.so)
==261==    by 0x10A64F: BinarySearchTree<char, int>::insertHelper(Node<char, int>*, std::pair<char const, int> const&) (bst.h:506)
==261==    by 0x10A73F: BinarySearchTree<char, int>::insertHelper(Node<char, int>*, std::pair<char const, int> const&) (bst.h:522)
==261==    by 0x109E4B: BinarySearchTree<char, int>::insert(std::pair<char const, int> const&) (bst.h:481)
==261==    by 0x1097FB: main (bst-test.cpp:20)
==261== 
==261== Invalid read of size 8
==261==    at 0x10B4A4: Node<char, int>::getParent() const (bst.h:126)
==261==    by 0x10A0BF: BinarySearchTree<char, int>::iterator::operator++() (bst.h:358)
==261==    by 0x10B55B: BinarySearchTree<char, int>::internalFind(char const&) const (bst.h:671)
==261==    by 0x10A1A3: BinarySearchTree<char, int>::find(char const&) const (bst.h:446)
==261==    by 0x10B1E3: BinarySearchTree<char, int>::printRoot(Node<char, int>*) const (print_bst.h:276)
==261==    by 0x109E87: BinarySearchTree<char, int>::print() const (bst.h:412)
==261==    by 0x109AB3: main (bst-test.cpp:45)
==261==  Address 0x4c9eec0 is 16 bytes inside a block of size 40 free'd
==261==    at 0x484B420: operator delete(void*) (in /usr/lib/aarch64-linux-gnu/valgrind/vgpreload_memcheck-arm64-linux.so)
==261==    by 0x10B61B: Node<char, int>::~Node() (bst.h:73)
==261==    by 0x10A447: BinarySearchTree<char, int>::remove(char const&) (bst.h:560)
==261==    by 0x109AAB: main (bst-test.cpp:44)
==261==  Block was alloc'd at
==261==    at 0x484A3C4: operator new(unsigned long) (in /usr/lib/aarch64-linux-gnu/valgrind/vgpreload_memcheck-arm64-linux.so)
==261==    by 0x10A64F: BinarySearchTree<char, int>::insertHelper(Node<char, int>*, std::pair<char const, int> const&) (bst.h:506)
==261==    by 0x10A73F: BinarySearchTree<char, int>::insertHelper(Node<char, int>*, std::pair<char const, int> const&) (bst.h:522)
==261==    by 0x109E4B: BinarySearchTree<char, int>::insert(std::pair<char const, int> const&) (bst.h:481)
==261==    by 0x1097FB: main (bst-test.cpp:20)
==261== 
==261== Invalid read of size 8
==261==    at 0x10BC7C: BinarySearchTree<char, int>::clearHelper(Node<char, int>*) (bst.h:626)
==261==    by 0x10BD23: BinarySearchTree<char, int>::clearHelper(Node<char, int>*) (bst.h:631)
==261==    by 0x10BCC7: BinarySearchTree<char, int>::clearHelper(Node<char, int>*) (bst.h:627)
==261==    by 0x10BD23: BinarySearchTree<char, int>::clearHelper(Node<char, int>*) (bst.h:631)
==261==    by 0x10A4D3: BinarySearchTree<char, int>::clear() (bst.h:609)
==261==    by 0x109D1F: BinarySearchTree<char, int>::~BinarySearchTree() (bst.h:397)
==261==    by 0x109ABF: main (bst-test.cpp:12)
==261==  Address 0x4c9eeb0 is 0 bytes inside a block of size 40 free'd
==261==    at 0x484B420: operator delete(void*) (in /usr/lib/aarch64-linux-gnu/valgrind/vgpreload_memcheck-arm64-linux.so)
==261==    by 0x10B61B: Node<char, int>::~Node() (bst.h:73)
==261==    by 0x10A447: BinarySearchTree<char, int>::remove(char const&) (bst.h:560)
==261==    by 0x109AAB: main (bst-test.cpp:44)
==261==  Block was alloc'd at
==261==    at 0x484A3C4: operator new(unsigned long) (in /usr/lib/aarch64-linux-gnu/valgrind/vgpreload_memcheck-arm64-linux.so)
==261==    by 0x10A64F: BinarySearchTree<char, int>::insertHelper(Node<char, int>*, std::pair<char const, int> const&) (bst.h:506)
==261==    by 0x10A73F: BinarySearchTree<char, int>::insertHelper(Node<char, int>*, std::pair<char const, int> const&) (bst.h:522)
==261==    by 0x109E4B: BinarySearchTree<char, int>::insert(std::pair<char const, int> const&) (bst.h:481)
==261==    by 0x1097FB: main (bst-test.cpp:20)
==261== 
==261== Invalid read of size 8
==261==    at 0x10B48C: Node<char, int>::getLeft() const (bst.h:135)
==261==    by 0x10BC8F: BinarySearchTree<char, int>::clearHelper(Node<char, int>*) (bst.h:626)
==261==    by 0x10BD23: BinarySearchTree<char, int>::clearHelper(Node<char, int>*) (bst.h:631)
==261==    by 0x10BCC7: BinarySearchTree<char, int>::clearHelper(Node<char, int>*) (bst.h:627)
==261==    by 0x10BD23: BinarySearchTree<char, int>::clearHelper(Node<char, int>*) (bst.h:631)
==261==    by 0x10A4D3: BinarySearchTree<char, int>::clear() (bst.h:609)
==261==    by 0x109D1F: BinarySearchTree<char, int>::~BinarySearchTree() (bst.h:397)
==261==    by 0x109ABF: main (bst-test.cpp:12)
==261==  Address 0x4c9eec8 is 24 bytes inside a block of size 40 free'd
==261==    at 0x484B420: operator delete(void*) (in /usr/lib/aarch64-linux-gnu/valgrind/vgpreload_memcheck-arm64-linux.so)
==261==    by 0x10B61B: Node<char, int>::~Node() (bst.h:73)
==261==    by 0x10A447: BinarySearchTree<char, int>::remove(char const&) (bst.h:560)
==261==    by 0x109AAB: main (bst-test.cpp:44)
==261==  Block was alloc'd at
==261==    at 0x484A3C4: operator new(unsigned long) (in /usr/lib/aarch64-linux-gnu/valgrind/vgpreload_memcheck-arm64-linux.so)
==261==    by 0x10A64F: BinarySearchTree<char, int>::insertHelper(Node<char, int>*, std::pair<char const, int> const&) (bst.h:506)
==261==    by 0x10A73F: BinarySearchTree<char, int>::insertHelper(Node<char, int>*, std::pair<char const, int> const&) (bst.h:522)
==261==    by 0x109E4B: BinarySearchTree<char, int>::insert(std::pair<char const, int> const&) (bst.h:481)
==261==    by 0x1097FB: main (bst-test.cpp:20)
==261== 
==261== Invalid read of size 8
==261==    at 0x10BCA8: BinarySearchTree<char, int>::clearHelper(Node<char, int>*) (bst.h:627)
==261==    by 0x10BD23: BinarySearchTree<char, int>::clearHelper(Node<char, int>*) (bst.h:631)
==261==    by 0x10BCC7: BinarySearchTree<char, int>::clearHelper(Node<char, int>*) (bst.h:627)
==261==    by 0x10BD23: BinarySearchTree<char, int>::clearHelper(Node<char, int>*) (bst.h:631)
==261==    by 0x10A4D3: BinarySearchTree<char, int>::clear() (bst.h:609)
==261==    by 0x109D1F: BinarySearchTree<char, int>::~BinarySearchTree() (bst.h:397)
==261==    by 0x109ABF: main (bst-test.cpp:12)
==261==  Address 0x4c9eeb0 is 0 bytes inside a block of size 40 free'd
==261==    at 0x484B420: operator delete(void*) (in /usr/lib/aarch64-linux-gnu/valgrind/vgpreload_memcheck-arm64-linux.so)
==261==    by 0x10B61B: Node<char, int>::~Node() (bst.h:73)
==261==    by 0x10A447: BinarySearchTree<char, int>::remove(char const&) (bst.h:560)
==261==    by 0x109AAB: main (bst-test.cpp:44)
==261==  Block was alloc'd at
==261==    at 0x484A3C4: operator new(unsigned long) (in /usr/lib/aarch64-linux-gnu/valgrind/vgpreload_memcheck-arm64-linux.so)
==261==    by 0x10A64F: BinarySearchTree<char, int>::insertHelper(Node<char, int>*, std::pair<char const, int> const&) (bst.h:506)
==261==    by 0x10A73F: BinarySearchTree<char, int>::insertHelper(Node<char, int>*, std::pair<char const, int> const&) (bst.h:522)
==261==    by 0x109E4B: BinarySearchTree<char, int>::insert(std::pair<char const, int> const&) (bst.h:481)
==261==    by 0x1097FB: main (bst-test.cpp:20)
==261== 
==261== Invalid read of size 8
==261==    at 0x10B48C: Node<char, int>::getLeft() const (bst.h:135)
==261==    by 0x10BCBB: BinarySearchTree<char, int>::clearHelper(Node<char, int>*) (bst.h:627)
==261==    by 0x10BD23: BinarySearchTree<char, int>::clearHelper(Node<char, int>*) (bst.h:631)
==261==    by 0x10BCC7: BinarySearchTree<char, int>::clearHelper(Node<char, int>*) (bst.h:627)
==261==    by 0x10BD23: BinarySearchTree<char, int>::clearHelper(Node<char, int>*) (bst.h:631)
==261==    by 0x10A4D3: BinarySearchTree<char, int>::clear() (bst.h:609)
==261==    by 0x109D1F: BinarySearchTree<char, int>::~BinarySearchTree() (bst.h:397)
==261==    by 0x109ABF: main (bst-test.cpp:12)
==261==  Address 0x4c9eec8 is 24 bytes inside a block of size 40 free'd
==261==    at 0x484B420: operator delete(void*) (in /usr/lib/aarch64-linux-gnu/valgrind/vgpreload_memcheck-arm64-linux.so)
==261==    by 0x10B61B: Node<char, int>::~Node() (bst.h:73)
==261==    by 0x10A447: BinarySearchTree<char, int>::remove(char const&) (bst.h:560)
==261==    by 0x109AAB: main (bst-test.cpp:44)
==261==  Block was alloc'd at
==261==    at 0x484A3C4: operator new(unsigned long) (in /usr/lib/aarch64-linux-gnu/valgrind/vgpreload_memcheck-arm64-linux.so)
==261==    by 0x10A64F: BinarySearchTree<char, int>::insertHelper(Node<char, int>*, std::pair<char const, int> const&) (bst.h:506)
==261==    by 0x10A73F: BinarySearchTree<char, int>::insertHelper(Node<char, int>*, std::pair<char const, int> const&) (bst.h:522)
==261==    by 0x109E4B: BinarySearchTree<char, int>::insert(std::pair<char const, int> const&) (bst.h:481)
==261==    by 0x1097FB: main (bst-test.cpp:20)
==261== 
==261== Invalid write of size 8
==261==    at 0x10B5A8: Node<char, int>::setLeft(Node<char, int>*) (bst.h:162)
==261==    by 0x10BCD3: BinarySearchTree<char, int>::clearHelper(Node<char, int>*) (bst.h:628)
==261==    by 0x10BD23: BinarySearchTree<char, int>::clearHelper(Node<char, int>*) (bst.h:631)
==261==    by 0x10BCC7: BinarySearchTree<char, int>::clearHelper(Node<char, int>*) (bst.h:627)
==261==    by 0x10BD23: BinarySearchTree<char, int>::clearHelper(Node<char, int>*) (bst.h:631)
==261==    by 0x10A4D3: BinarySearchTree<char, int>::clear() (bst.h:609)
==261==    by 0x109D1F: BinarySearchTree<char, int>::~BinarySearchTree() (bst.h:397)
==261==    by 0x109ABF: main (bst-test.cpp:12)
==261==  Address 0x4c9eec8 is 24 bytes inside a block of size 40 free'd
==261==    at 0x484B420: operator delete(void*) (in /usr/lib/aarch64-linux-gnu/valgrind/vgpreload_memcheck-arm64-linux.so)
==261==    by 0x10B61B: Node<char, int>::~Node() (bst.h:73)
==261==    by 0x10A447: BinarySearchTree<char, int>::remove(char const&) (bst.h:560)
==261==    by 0x109AAB: main (bst-test.cpp:44)
==261==  Block was alloc'd at
==261==    at 0x484A3C4: operator new(unsigned long) (in /usr/lib/aarch64-linux-gnu/valgrind/vgpreload_memcheck-arm64-linux.so)
==261==    by 0x10A64F: BinarySearchTree<char, int>::insertHelper(Node<char, int>*, std::pair<char const, int> const&) (bst.h:506)
==261==    by 0x10A73F: BinarySearchTree<char, int>::insertHelper(Node<char, int>*, std::pair<char const, int> const&) (bst.h:522)
==261==    by 0x109E4B: BinarySearchTree<char, int>::insert(std::pair<char const, int> const&) (bst.h:481)
==261==    by 0x1097FB: main (bst-test.cpp:20)
==261== 
==261== Invalid read of size 8
==261==    at 0x10BCD8: BinarySearchTree<char, int>::clearHelper(Node<char, int>*) (bst.h:630)
==261==    by 0x10BD23: BinarySearchTree<char, int>::clearHelper(Node<char, int>*) (bst.h:631)
==261==    by 0x10BCC7: BinarySearchTree<char, int>::clearHelper(Node<char, int>*) (bst.h:627)
==261==    by 0x10BD23: BinarySearchTree<char, int>::clearHelper(Node<char, int>*) (bst.h:631)
==261==    by 0x10A4D3: BinarySearchTree<char, int>::clear() (bst.h:609)
==261==    by 0x109D1F: BinarySearchTree<char, int>::~BinarySearchTree() (bst.h:397)
==261==    by 0x109ABF: main (bst-test.cpp:12)
==261==  Address 0x4c9eeb0 is 0 bytes inside a block of size 40 free'd
==261==    at 0x484B420: operator delete(void*) (in /usr/lib/aarch64-linux-gnu/valgrind/vgpreload_memcheck-arm64-linux.so)
==261==    by 0x10B61B: Node<char, int>::~Node() (bst.h:73)
==261==    by 0x10A447: BinarySearchTree<char, int>::remove(char const&) (bst.h:560)
==261==    by 0x109AAB: main (bst-test.cpp:44)
==261==  Block was alloc'd at
==261==    at 0x484A3C4: operator new(unsigned long) (in /usr/lib/aarch64-linux-gnu/valgrind/vgpreload_memcheck-arm64-linux.so)
==261==    by 0x10A64F: BinarySearchTree<char, int>::insertHelper(Node<char, int>*, std::pair<char const, int> const&) (bst.h:506)
==261==    by 0x10A73F: BinarySearchTree<char, int>::insertHelper(Node<char, int>*, std::pair<char const, int> const&) (bst.h:522)
==261==    by 0x109E4B: BinarySearchTree<char, int>::insert(std::pair<char const, int> const&) (bst.h:481)
==261==    by 0x1097FB: main (bst-test.cpp:20)
==261== 
==261== Invalid read of size 8
==261==    at 0x10B474: Node<char, int>::getRight() const (bst.h:144)
==261==    by 0x10BCEB: BinarySearchTree<char, int>::clearHelper(Node<char, int>*) (bst.h:630)
==261==    by 0x10BD23: BinarySearchTree<char, int>::clearHelper(Node<char, int>*) (bst.h:631)
==261==    by 0x10BCC7: BinarySearchTree<char, int>::clearHelper(Node<char, int>*) (bst.h:627)
==261==    by 0x10BD23: BinarySearchTree<char, int>::clearHelper(Node<char, int>*) (bst.h:631)
==261==    by 0x10A4D3: BinarySearchTree<char, int>::clear() (bst.h:609)
==261==    by 0x109D1F: BinarySearchTree<char, int>::~BinarySearchTree() (bst.h:397)
==261==    by 0x109ABF: main (bst-test.cpp:12)
==261==  Address 0x4c9eed0 is 32 bytes inside a block of size 40 free'd
==261==    at 0x484B420: operator delete(void*) (in /usr/lib/aarch64-linux-gnu/valgrind/vgpreload_memcheck-arm64-linux.so)
==261==    by 0x10B61B: Node<char, int>::~Node() (bst.h:73)
==261==    by 0x10A447: BinarySearchTree<char, int>::remove(char const&) (bst.h:560)
==261==    by 0x109AAB: main (bst-test.cpp:44)
==261==  Block was alloc'd at
==261==    at 0x484A3C4: operator new(unsigned long) (in /usr/lib/aarch64-linux-gnu/valgrind/vgpreload_memcheck-arm64-linux.so)
==261==    by 0x10A64F: BinarySearchTree<char, int>::insertHelper(Node<char, int>*, std::pair<char const, int> const&) (bst.h:506)
==261==    by 0x10A73F: BinarySearchTree<char, int>::insertHelper(Node<char, int>*, std::pair<char const, int> const&) (bst.h:522)
==261==    by 0x109E4B: BinarySearchTree<char, int>::insert(std::pair<char const, int> const&) (bst.h:481)
==261==    by 0x1097FB: main (bst-test.cpp:20)
==261== 
==261== Invalid read of size 8
==261==    at 0x10BD3C: BinarySearchTree<char, int>::clearHelper(Node<char, int>*) (bst.h:634)
==261==    by 0x10BD23: BinarySearchTree<char, int>::clearHelper(Node<char, int>*) (bst.h:631)
==261==    by 0x10BCC7: BinarySearchTree<char, int>::clearHelper(Node<char, int>*) (bst.h:627)
==261==    by 0x10BD23: BinarySearchTree<char, int>::clearHelper(Node<char, int>*) (bst.h:631)
==261==    by 0x10A4D3: BinarySearchTree<char, int>::clear() (bst.h:609)
==261==    by 0x109D1F: BinarySearchTree<char, int>::~BinarySearchTree() (bst.h:397)
==261==    by 0x109ABF: main (bst-test.cpp:12)
==261==  Address 0x4c9eeb0 is 0 bytes inside a block of size 40 free'd
==261==    at 0x484B420: operator delete(void*) (in /usr/lib/aarch64-linux-gnu/valgrind/vgpreload_memcheck-arm64-linux.so)
==261==    by 0x10B61B: Node<char, int>::~Node() (bst.h:73)
==261==    by 0x10A447: BinarySearchTree<char, int>::remove(char const&) (bst.h:560)
==261==    by 0x109AAB: main (bst-test.cpp:44)
==261==  Block was alloc'd at
==261==    at 0x484A3C4: operator new(unsigned long) (in /usr/lib/aarch64-linux-gnu/valgrind/vgpreload_memcheck-arm64-linux.so)
==261==    by 0x10A64F: BinarySearchTree<char, int>::insertHelper(Node<char, int>*, std::pair<char const, int> const&) (bst.h:506)
==261==    by 0x10A73F: BinarySearchTree<char, int>::insertHelper(Node<char, int>*, std::pair<char const, int> const&) (bst.h:522)
==261==    by 0x109E4B: BinarySearchTree<char, int>::insert(std::pair<char const, int> const&) (bst.h:481)
==261==    by 0x1097FB: main (bst-test.cpp:20)
==261== 
==261== Invalid write of size 8
==261==    at 0x10B5F0: Node<char, int>::~Node() (bst.h:73)
==261==    by 0x10B613: Node<char, int>::~Node() (bst.h:73)
==261==    by 0x10BD4B: BinarySearchTree<char, int>::clearHelper(Node<char, int>*) (bst.h:634)
==261==    by 0x10BD23: BinarySearchTree<char, int>::clearHelper(Node<char, int>*) (bst.h:631)
==261==    by 0x10BCC7: BinarySearchTree<char, int>::clearHelper(Node<char, int>*) (bst.h:627)
==261==    by 0x10BD23: BinarySearchTree<char, int>::clearHelper(Node<char, int>*) (bst.h:631)
==261==    by 0x10A4D3: BinarySearchTree<char, int>::clear() (bst.h:609)
==261==    by 0x109D1F: BinarySearchTree<char, int>::~BinarySearchTree() (bst.h:397)
==261==    by 0x109ABF: main (bst-test.cpp:12)
==261==  Address 0x4c9eeb0 is 0 bytes inside a block of size 40 free'd
==261==    at 0x484B420: operator delete(void*) (in /usr/lib/aarch64-linux-gnu/valgrind/vgpreload_memcheck-arm64-linux.so)
==261==    by 0x10B61B: Node<char, int>::~Node() (bst.h:73)
==261==    by 0x10A447: BinarySearchTree<char, int>::remove(char const&) (bst.h:560)
==261==    by 0x109AAB: main (bst-test.cpp:44)
==261==  Block was alloc'd at
==261==    at 0x484A3C4: operator new(unsigned long) (in /usr/lib/aarch64-linux-gnu/valgrind/vgpreload_memcheck-arm64-linux.so)
==261==    by 0x10A64F: BinarySearchTree<char, int>::insertHelper(Node<char, int>*, std::pair<char const, int> const&) (bst.h:506)
==261==    by 0x10A73F: BinarySearchTree<char, int>::insertHelper(Node<char, int>*, std::pair<char const, int> const&) (bst.h:522)
==261==    by 0x109E4B: BinarySearchTree<char, int>::insert(std::pair<char const, int> const&) (bst.h:481)
==261==    by 0x1097FB: main (bst-test.cpp:20)
==261== 
==261== Invalid free() / delete / delete[] / realloc()
==261==    at 0x484B420: operator delete(void*) (in /usr/lib/aarch64-linux-gnu/valgrind/vgpreload_memcheck-arm64-linux.so)
==261==    by 0x10B61B: Node<char, int>::~Node() (bst.h:73)
==261==    by 0x10BD4B: BinarySearchTree<char, int>::clearHelper(Node<char, int>*) (bst.h:634)
==261==    by 0x10BD23: BinarySearchTree<char, int>::clearHelper(Node<char, int>*) (bst.h:631)
==261==    by 0x10BCC7: BinarySearchTree<char, int>::clearHelper(Node<char, int>*) (bst.h:627)
==261==    by 0x10BD23: BinarySearchTree<char, int>::clearHelper(Node<char, int>*) (bst.h:631)
==261==    by 0x10A4D3: BinarySearchTree<char, int>::clear() (bst.h:609)
==261==    by 0x109D1F: BinarySearchTree<char, int>::~BinarySearchTree() (bst.h:397)
==261==    by 0x109ABF: main (bst-test.cpp:12)
==261==  Address 0x4c9eeb0 is 0 bytes inside a block of size 40 free'd
==261==    at 0x484B420: operator delete(void*) (in /usr/lib/aarch64-linux-gnu/valgrind/vgpreload_memcheck-arm64-linux.so)
==261==    by 0x10B61B: Node<char, int>::~Node() (bst.h:73)
==261==    by 0x10A447: BinarySearchTree<char, int>::remove(char const&) (bst.h:560)
==261==    by 0x109AAB: main (bst-test.cpp:44)
==261==  Block was alloc'd at
==261==    at 0x484A3C4: operator new(unsigned long) (in /usr/lib/aarch64-linux-gnu/valgrind/vgpreload_memcheck-arm64-linux.so)
==261==    by 0x10A64F: BinarySearchTree<char, int>::insertHelper(Node<char, int>*, std::pair<char const, int> const&) (bst.h:506)
==261==    by 0x10A73F: BinarySearchTree<char, int>::insertHelper(Node<char, int>*, std::pair<char const, int> const&) (bst.h:522)
==261==    by 0x109E4B: BinarySearchTree<char, int>::insert(std::pair<char const, int> const&) (bst.h:481)
==261==    by 0x1097FB: main (bst-test.cpp:20)
==261== 
==261== 
==261== HEAP SUMMARY:
==261==     in use at exit: 0 bytes in 0 blocks
==261==   total heap usage: 77 allocs, 78 frees, 77,138 bytes allocated
==261== 
==261== All heap blocks were freed -- no leaks are possible
==261== 
==261== For lists of detected and suppressed errors, rerun with: -s
==261== ERROR SUMMARY: 76 errors from 49 contexts (suppressed: 0 from 0)
